[2021-05-09 18:13:51]: admin đăng nhập thành công 
[2021-05-09 18:13:57]: admin truy cập hồ sơ cá nhân
[2021-05-09 18:14:23]: admin truy cập hồ sơ cá nhân
[2021-05-09 18:14:30]: admin truy cập hồ sơ cá nhân
[2021-05-09 18:15:06]: admin đổi mật khẩu thất bại, mật khẩu hiện tại không chính xác
[2021-05-09 18:15:06]: admin truy cập hồ sơ cá nhân
[2021-05-09 18:15:13]: admin đổi mật khẩu thành công
[2021-05-09 18:15:13]: admin truy cập hồ sơ cá nhân
[2021-05-09 18:15:15]: admin đăng xuất
[2021-05-09 20:03:52]: admin đăng nhập thành công 
[2021-05-09 20:22:11]: admin đăng nhập thành công 
[2021-05-09 20:22:38]: admin đăng nhập thành công 
[2021-05-09 20:23:19]: admin đăng nhập thành công 
[2021-05-09 20:23:21]: admin truy cập tab trang chủ
[2021-05-09 20:23:25]: admin truy cập tab khoa
[2021-05-09 20:23:27]: admin truy cập tab trang chủ
[2021-05-09 20:23:29]: admin đăng xuất
[2021-05-09 20:23:59]: admin đăng nhập thành công 
[2021-05-09 20:23:59]: admin truy cập tab trang chủ
[2021-05-09 20:26:44]: admin truy cập tab câu hỏi
[2021-05-09 20:27:44]: admin truy cập tab thông báo
[2021-05-09 20:27:49]: admin truy cập tab thông báo
[2021-05-09 20:27:52]: admin truy cập tab thông báo
[2021-05-09 20:28:01]: admin truy cập tab thông báo
[2021-05-09 20:28:50]: admin truy cập tab thông báo
[2021-05-09 20:29:13]: admin truy cập tab kết quả
[2021-05-09 20:29:18]: admin truy cập tab khoa
[2021-05-09 20:29:21]: admin truy cập tab trang chủ
[2021-05-09 20:29:26]: admin truy cập tab khoa
[2021-05-09 20:30:24]: admin truy cập tab khoa
[2021-05-09 20:30:30]: admin truy cập tab khoa
[2021-05-09 20:39:04]: admin truy cập tab lớp
[2021-05-09 21:56:54]: admin truy cập tab lớp
[2021-05-09 23:05:32]: admin đăng nhập thành công 
[2021-05-09 23:05:32]: admin truy cập tab trang chủ
[2021-05-09 23:05:35]: admin truy cập tab khoa
[2021-05-09 23:05:36]: admin truy cập tab lớp
[2021-05-09 23:05:39]: admin truy cập tab khoa
[2021-05-09 23:05:40]: admin truy cập tab lớp
[2021-05-09 23:07:45]: admin truy cập tab khoa
[2021-05-09 23:07:50]: admin truy cập tab sinh viên
[2021-05-09 23:07:52]: admin truy cập tab môn học
[2021-05-10 00:21:53]: admin đăng xuất
[2021-05-10 00:21:57]: admin đăng nhập thành công 
[2021-05-10 00:21:57]: admin truy cập tab trang chủ
[2021-05-10 00:22:05]: admin truy cập tab khoa
[2021-05-10 00:22:08]: admin truy cập tab môn học
[2021-05-10 00:22:09]: admin truy cập tab lớp
[2021-05-10 00:22:10]: admin truy cập tab sinh viên
[2021-05-10 00:22:12]: admin truy cập tab lớp
[2021-05-10 00:22:12]: admin truy cập tab môn học
[2021-05-10 00:22:13]: admin truy cập tab bài kiểm tra
[2021-05-10 00:22:14]: admin truy cập tab sinh viên
[2021-05-10 00:22:15]: admin truy cập tab bài kiểm tra
[2021-05-10 00:22:16]: admin truy cập tab bài kiểm tra
[2021-05-10 00:22:17]: admin truy cập tab câu hỏi
[2021-05-10 00:22:18]: admin truy cập tab thông báo
[2021-05-10 00:22:19]: admin truy cập tab kết quả
[2021-05-10 00:22:20]: admin truy cập tab trang chủ
[2021-05-10 00:22:34]: admin truy cập tab môn học
[2021-05-10 00:22:37]: admin truy cập tab lớp
[2021-05-10 00:22:38]: admin truy cập tab khoa
[2021-05-10 00:22:47]: admin thêm khoa thất bại, mã khoa CNTT đã tồn tại trong CSDL
[2021-05-10 00:22:47]: admin truy cập tab khoa
[2021-05-10 00:22:49]: admin truy cập tab môn học
[2021-05-10 00:23:08]: admin truy cập tab môn học
[2021-05-10 00:23:27]: admin truy cập tab môn học
[2021-05-10 00:23:32]: admin truy cập tab sinh viên
[2021-05-10 00:23:34]: admin truy cập tab môn học
[2021-05-10 00:23:45]: admin truy cập tab môn học
[2021-05-10 00:23:49]: admin truy cập tab sinh viên
[2021-05-10 00:24:40]: admin truy cập tab sinh viên
[2021-05-10 00:24:42]: admin truy cập tab bài kiểm tra
[2021-05-10 00:24:50]: admin truy cập tab bài kiểm tra
[2021-05-10 00:25:05]: admin truy cập tab bài kiểm tra
[2021-05-10 00:25:12]: admin truy cập tab bài kiểm tra
[2021-05-10 00:25:19]: admin truy cập tab câu hỏi
[2021-05-10 00:25:27]: admin truy cập tab câu hỏi
[2021-05-10 00:27:21]: admin truy cập tab câu hỏi
[2021-05-10 00:27:26]: admin truy cập tab câu hỏi
[2021-05-10 00:29:58]: admin truy cập tab câu hỏi
[2021-05-10 00:30:03]: admin truy cập tab môn học
[2021-05-10 00:30:05]: admin truy cập tab bài kiểm tra
[2021-05-10 00:30:09]: admin truy cập tab bài kiểm tra
[2021-05-10 00:30:12]: admin truy cập tab thông báo
[2021-05-10 00:30:18]: admin truy cập tab câu hỏi
[2021-05-10 00:30:31]: admin truy cập tab câu hỏi
[2021-05-10 00:30:34]: admin truy cập tab câu hỏi
[2021-05-10 00:31:31]: admin truy cập tab câu hỏi
[2021-05-10 00:31:35]: admin truy cập tab câu hỏi
[2021-05-10 00:31:36]: admin truy cập tab bài kiểm tra
[2021-05-10 00:31:37]: admin truy cập tab câu hỏi
[2021-05-10 00:32:33]: admin truy cập tab câu hỏi
[2021-05-10 00:32:36]: admin truy cập tab câu hỏi
[2021-05-10 00:32:38]: admin truy cập tab sinh viên
[2021-05-10 00:32:38]: admin truy cập tab bài kiểm tra
[2021-05-10 00:32:40]: admin truy cập tab thông báo
[2021-05-10 00:32:43]: admin truy cập tab sinh viên
[2021-05-10 00:32:44]: admin truy cập tab thông báo
[2021-05-10 00:32:45]: admin truy cập tab môn học
[2021-05-10 00:32:45]: admin truy cập tab bài kiểm tra
[2021-05-10 00:32:46]: admin truy cập tab câu hỏi
[2021-05-10 00:32:51]: admin truy cập tab câu hỏi
[2021-05-10 00:32:56]: admin truy cập tab câu hỏi
[2021-05-10 00:37:00]: admin truy cập tab câu hỏi
[2021-05-10 00:37:04]: admin truy cập tab câu hỏi
[2021-05-10 00:37:08]: admin truy cập tab bài kiểm tra
[2021-05-10 00:37:09]: admin truy cập tab câu hỏi
[2021-05-10 00:37:20]: admin truy cập tab câu hỏi
[2021-05-10 00:37:24]: admin truy cập tab câu hỏi
[2021-05-10 00:37:27]: admin truy cập tab câu hỏi
[2021-05-10 00:37:29]: admin truy cập tab câu hỏi
[2021-05-10 00:37:31]: admin truy cập tab câu hỏi
[2021-05-10 00:37:32]: admin truy cập tab câu hỏi
[2021-05-10 00:38:03]: admin truy cập tab câu hỏi
[2021-05-10 00:38:07]: admin truy cập tab câu hỏi
[2021-05-10 00:38:10]: admin truy cập tab câu hỏi
[2021-05-10 00:38:13]: admin truy cập tab sinh viên
[2021-05-10 00:38:14]: admin truy cập tab thông báo
[2021-05-10 00:38:16]: admin truy cập tab sinh viên
[2021-05-10 00:38:17]: admin truy cập tab câu hỏi
[2021-05-10 00:38:21]: admin truy cập tab câu hỏi
[2021-05-10 00:38:24]: admin truy cập tab câu hỏi
[2021-05-10 00:38:28]: admin truy cập tab câu hỏi
[2021-05-10 00:41:26]: admin truy cập tab sinh viên
[2021-05-10 00:41:27]: admin truy cập tab thông báo
[2021-05-10 00:41:28]: admin truy cập tab câu hỏi
[2021-05-10 00:41:33]: admin truy cập tab câu hỏi
[2021-05-10 00:41:38]: admin truy cập tab câu hỏi
[2021-05-10 00:42:58]: admin truy cập tab câu hỏi
[2021-05-10 00:43:02]: admin truy cập tab câu hỏi
[2021-05-10 00:43:33]: admin truy cập tab câu hỏi
[2021-05-10 00:43:43]: admin truy cập tab câu hỏi
[2021-05-10 00:59:43]: admin đăng xuất
