[2021-05-10 00:22:05]: admin | SELECT * FROM khoa | 0.00075101852416992 
[2021-05-10 00:22:08]: admin | SELECT * FROM monhoc | 0.00079798698425293 
[2021-05-10 00:22:09]: admin | SELECT loptinchi.*, monhoc.tenmh FROM loptinchi INNER JOIN monhoc ON loptinchi.mamh = monhoc.mamh | 0.0012450218200684 
[2021-05-10 00:22:09]: admin | SELECT * FROM monhoc WHERE trangthai = '1' ORDER BY tenmh | 0.00070405006408691 
[2021-05-10 00:22:10]: admin | SELECT sinhvien.*,taikhoan.trangthai FROM sinhvien INNER JOIN taikhoan ON sinhvien.masv = taikhoan.username WHERE taikhoan.vaitro = 'student' | 0.0019631385803223 
[2021-05-10 00:22:12]: admin | SELECT loptinchi.*, monhoc.tenmh FROM loptinchi INNER JOIN monhoc ON loptinchi.mamh = monhoc.mamh | 0.00099992752075195 
[2021-05-10 00:22:12]: admin | SELECT * FROM monhoc WHERE trangthai = '1' ORDER BY tenmh | 0.00053811073303223 
[2021-05-10 00:22:12]: admin | SELECT * FROM monhoc | 0.00092411041259766 
[2021-05-10 00:22:13]: admin | SELECT * FROM baikt INNER JOIN monhoc ON baikt.mamh = monhoc.mamh | 0.00086307525634766 
[2021-05-10 00:22:13]: admin | SELECT * FROM monhoc WHERE trangthai = '1' ORDER BY tenmh | 0.00044393539428711 
[2021-05-10 00:22:13]: root | SELECT * FROM monhoc WHERE trangthai = '1' ORDER BY tenmh | 0.00087499618530273 
[2021-05-10 00:22:14]: admin | SELECT sinhvien.*,taikhoan.trangthai FROM sinhvien INNER JOIN taikhoan ON sinhvien.masv = taikhoan.username WHERE taikhoan.vaitro = 'student' | 0.0012848377227783 
[2021-05-10 00:22:15]: admin | SELECT * FROM baikt INNER JOIN monhoc ON baikt.mamh = monhoc.mamh | 0.0010178089141846 
[2021-05-10 00:22:15]: admin | SELECT * FROM monhoc WHERE trangthai = '1' ORDER BY tenmh | 0.00063395500183105 
[2021-05-10 00:22:15]: root | SELECT * FROM monhoc WHERE trangthai = '1' ORDER BY tenmh | 0.0013048648834229 
[2021-05-10 00:22:16]: admin | SELECT * FROM baikt INNER JOIN monhoc ON baikt.mamh = monhoc.mamh | 0.00085282325744629 
[2021-05-10 00:22:16]: admin | SELECT * FROM monhoc WHERE trangthai = '1' ORDER BY tenmh | 0.00056314468383789 
[2021-05-10 00:22:16]: root | SELECT * FROM monhoc WHERE trangthai = '1' ORDER BY tenmh | 0.0010731220245361 
[2021-05-10 00:22:17]: admin | SELECT * FROM monhoc WHERE trangthai = '1' ORDER BY tenmh | 0.00087308883666992 
[2021-05-10 00:22:17]: admin | SELECT * FROM baikt WHERE mamh ='' ORDER BY tenbkt | 0.00055408477783203 
[2021-05-10 00:22:17]: admin | SELECT * FROM monhoc WHERE trangthai = '1' ORDER BY tenmh | 0.00035595893859863 
[2021-05-10 00:22:17]: admin | SELECT * FROM baikt WHERE mamh ='' ORDER BY tenbkt | 0.00047111511230469 
[2021-05-10 00:22:18]: admin | SELECT thongbao.*, monhoc.tenmh FROM thongbao INNER JOIN monhoc ON thongbao.mamh = monhoc.mamh | 0.00082707405090332 
[2021-05-10 00:22:18]: admin | SELECT * FROM monhoc WHERE trangthai = '1' ORDER BY tenmh | 0.00050806999206543 
[2021-05-10 00:22:19]: admin | SELECT * FROM baikt INNER JOIN monhoc ON baikt.mamh = monhoc.mamh INNER JOIN (SELECT COUNT(*) as dat ,diem.mabkt FROM diem WHERE diem.trangthai ='PASS') as tg ON tg.mabkt = baikt.mabkt INNER JOIN (SELECT COUNT(*) as kdat ,diem.mabkt FROM diem WHERE diem.trangthai ='FAIL') as tg2 ON tg2.mabkt = baikt.mabkt | 0.0016429424285889 
[2021-05-10 00:22:25]: admin |  | 3.0994415283203E-6 
[2021-05-10 00:22:25]: admin | SELECT * FROM sinhvien INNER JOIN taikhoan ON sinhvien.masv = taikhoan.username
    WHERE (hotendem LIKE '%68510%' OR ten LIKE '%68510%' OR masv LIKE '%68510%') | 0.0015280246734619 
[2021-05-10 00:22:30]: admin |  | 3.0994415283203E-6 
[2021-05-10 00:22:30]: admin | SELECT * FROM sinhvien INNER JOIN taikhoan ON sinhvien.masv = taikhoan.username
    WHERE (hotendem LIKE '%Vinh%' OR ten LIKE '%Vinh%' OR masv LIKE '%Vinh%') | 0.0011858940124512 
[2021-05-10 00:22:34]: admin | SELECT * FROM monhoc | 0.00071096420288086 
[2021-05-10 00:22:37]: admin | SELECT loptinchi.*, monhoc.tenmh FROM loptinchi INNER JOIN monhoc ON loptinchi.mamh = monhoc.mamh | 0.0008399486541748 
[2021-05-10 00:22:37]: admin | SELECT * FROM monhoc WHERE trangthai = '1' ORDER BY tenmh | 0.00046610832214355 
[2021-05-10 00:22:38]: admin | SELECT * FROM khoa | 0.00071811676025391 
[2021-05-10 00:22:47]: Unknow | SELECT * FROM khoa WHERE makhoa = 'CNTT' | 0.00064992904663086 
[2021-05-10 00:22:47]: admin | SELECT * FROM khoa | 0.00048112869262695 
[2021-05-10 00:22:49]: admin | SELECT * FROM monhoc | 0.00079798698425293 
[2021-05-10 00:23:08]: Unknow | SELECT * FROM monhoc WHERE mamh = 'COMP654' | 0.00045919418334961 
[2021-05-10 00:23:08]: Unknow | INSERT INTO monhoc (mamh, tenmh) VALUES ('COMP654', 'Lập trình python') | 0.0012121200561523 
[2021-05-10 00:23:08]: admin | SELECT * FROM monhoc | 0.0004570484161377 
[2021-05-10 00:23:27]: Unknow | SELECT * FROM monhoc WHERE mamh = 'COMP112' | 0.00070691108703613 
[2021-05-10 00:23:27]: Unknow | INSERT INTO monhoc (mamh, tenmh) VALUES ('COMP112', 'Lập trình python') | 0.00045990943908691 
[2021-05-10 00:23:27]: admin | SELECT * FROM monhoc | 0.00051307678222656 
[2021-05-10 00:23:32]: admin | SELECT sinhvien.*,taikhoan.trangthai FROM sinhvien INNER JOIN taikhoan ON sinhvien.masv = taikhoan.username WHERE taikhoan.vaitro = 'student' | 0.0016880035400391 
[2021-05-10 00:23:34]: admin | SELECT * FROM monhoc | 0.00068902969360352 
[2021-05-10 00:23:45]: Unknow | SELECT * FROM monhoc WHERE mamh = 'COMP112' | 0.00052094459533691 
[2021-05-10 00:23:45]: Unknow | INSERT INTO monhoc (mamh, tenmh) VALUES ('COMP112', 'Lập trình python') | 0.0004730224609375 
[2021-05-10 00:23:45]: admin | SELECT * FROM monhoc | 0.00077104568481445 
[2021-05-10 00:23:49]: admin | SELECT sinhvien.*,taikhoan.trangthai FROM sinhvien INNER JOIN taikhoan ON sinhvien.masv = taikhoan.username WHERE taikhoan.vaitro = 'student' | 0.0014650821685791 
[2021-05-10 00:24:40]: Unknow | SELECT * FROM sinhvien WHERE masv = '705105079' OR email = 'anhn111guyen@gmail.com' OR sdt = '0947664444' | 0.0017518997192383 
[2021-05-10 00:24:40]: Unknow | INSERT INTO sinhvien (masv, hotendem, ten, gioitinh, ngaysinh, diachi, email, sdt, makhoa) VALUES ('705105079','Nguyễn Ngọc', 'Anh', 'Nam', '2002-01-01', 'Hà Nội', 'anhn111guyen@gmail.com', '0947664444', 'SPHH'); | 0.0028870105743408 
[2021-05-10 00:24:40]: Unknow | INSERT INTO sinhvien (masv, hotendem, ten, gioitinh, ngaysinh, diachi, email, sdt, makhoa) VALUES ('705105079','Nguyễn Ngọc', 'Anh', 'Nam', '2002-01-01', 'Hà Nội', 'anhn111guyen@gmail.com', '0947664444', 'SPHH'); | 0.0028870105743408 
[2021-05-10 00:24:40]: admin | SELECT sinhvien.*,taikhoan.trangthai FROM sinhvien INNER JOIN taikhoan ON sinhvien.masv = taikhoan.username WHERE taikhoan.vaitro = 'student' | 0.0011780261993408 
[2021-05-10 00:24:42]: admin | SELECT * FROM baikt INNER JOIN monhoc ON baikt.mamh = monhoc.mamh | 0.0010330677032471 
[2021-05-10 00:24:42]: admin | SELECT * FROM monhoc WHERE trangthai = '1' ORDER BY tenmh | 0.00057315826416016 
[2021-05-10 00:24:42]: root | SELECT * FROM monhoc WHERE trangthai = '1' ORDER BY tenmh | 0.0011019706726074 
[2021-05-10 00:24:50]: admin | SELECT * FROM baikt INNER JOIN monhoc ON baikt.mamh = monhoc.mamh | 0.0010201930999756 
[2021-05-10 00:24:50]: admin | SELECT * FROM monhoc WHERE trangthai = '1' ORDER BY tenmh | 0.00063109397888184 
[2021-05-10 00:24:50]: admin | SELECT * FROM loptinchi WHERE mamh ='COMP103' ORDER BY maltc | 0.00072097778320312 
[2021-05-10 00:25:05]: Unknow | SELECT * FROM baikt WHERE tenbkt = 'Bài Kiểm Tra Cuối Kì' AND mamh = 'COMP103' | 0.0007169246673584 
[2021-05-10 00:25:05]: Unknow | INSERT INTO baikt (mabkt, mamh, tenbkt, thoigian, solan, cachtinh, diemtoithieu, deadline, ghichu, maltc)
        VALUES ('COMP103_827718', 'COMP103', 'Bài Kiểm Tra Cuối Kì', '20', '1', 'caonhat', '80', '2021-05-12 00:25:00', '', 'COMP103_01|COMP103_02|COMP103_03'); | 0.0019421577453613 
[2021-05-10 00:25:05]: admin | SELECT * FROM baikt INNER JOIN monhoc ON baikt.mamh = monhoc.mamh | 0.00071001052856445 
[2021-05-10 00:25:05]: admin | SELECT * FROM monhoc WHERE trangthai = '1' ORDER BY tenmh | 0.00046396255493164 
[2021-05-10 00:25:05]: root | SELECT * FROM monhoc WHERE trangthai = '1' ORDER BY tenmh | 0.0010278224945068 
[2021-05-10 00:25:10]: admin | SELECT * FROM baikt WHERE mabkt = 'COMP103_827718' | 0.00084185600280762 
[2021-05-10 00:25:10]: admin | SELECT * FROM cauhoi WHERE mabkt = 'COMP103_827718' | 0.00087308883666992 
[2021-05-10 00:25:10]: admin | SELECT * FROM cauhoi WHERE mabkt = 'COMP103_827718' | 0.00067615509033203 
[2021-05-10 00:25:12]: admin | SELECT * FROM baikt INNER JOIN monhoc ON baikt.mamh = monhoc.mamh | 0.00062417984008789 
[2021-05-10 00:25:12]: admin | SELECT * FROM monhoc WHERE trangthai = '1' ORDER BY tenmh | 0.00052094459533691 
[2021-05-10 00:25:12]: root | SELECT * FROM monhoc WHERE trangthai = '1' ORDER BY tenmh | 0.0010709762573242 
[2021-05-10 00:25:19]: admin | SELECT * FROM monhoc WHERE trangthai = '1' ORDER BY tenmh | 0.00086498260498047 
[2021-05-10 00:25:19]: admin | SELECT * FROM baikt WHERE mamh ='' ORDER BY tenbkt | 0.00060105323791504 
[2021-05-10 00:25:19]: admin | SELECT * FROM monhoc WHERE trangthai = '1' ORDER BY tenmh | 0.00051712989807129 
[2021-05-10 00:25:19]: admin | SELECT * FROM baikt WHERE mamh ='' ORDER BY tenbkt | 0.00057196617126465 
[2021-05-10 00:25:27]: admin | SELECT * FROM monhoc WHERE trangthai = '1' ORDER BY tenmh | 0.00078105926513672 
[2021-05-10 00:25:27]: admin | SELECT * FROM baikt WHERE mamh ='COMP124' ORDER BY tenbkt | 0.00047993659973145 
[2021-05-10 00:25:27]: admin | SELECT * FROM monhoc WHERE trangthai = '1' ORDER BY tenmh | 0.00043582916259766 
[2021-05-10 00:25:27]: admin | SELECT * FROM baikt WHERE mamh ='COMP124' ORDER BY tenbkt | 0.00046992301940918 
[2021-05-10 00:27:21]: admin | SELECT * FROM monhoc WHERE trangthai = '1' ORDER BY tenmh | 0.00083184242248535 
[2021-05-10 00:27:21]: admin | SELECT * FROM baikt WHERE mamh ='COMP124' ORDER BY tenbkt | 0.00060701370239258 
[2021-05-10 00:27:21]: admin | SELECT * FROM monhoc WHERE trangthai = '1' ORDER BY tenmh | 0.0005040168762207 
[2021-05-10 00:27:21]: admin | SELECT * FROM baikt WHERE mamh ='COMP124' ORDER BY tenbkt | 0.00043201446533203 
[2021-05-10 00:27:26]: admin | SELECT * FROM monhoc WHERE trangthai = '1' ORDER BY tenmh | 0.00071406364440918 
[2021-05-10 00:27:26]: admin | SELECT * FROM baikt WHERE mamh ='COMP103' ORDER BY tenbkt | 0.00059700012207031 
[2021-05-10 00:27:26]: admin | SELECT * FROM monhoc WHERE trangthai = '1' ORDER BY tenmh | 0.00048089027404785 
[2021-05-10 00:27:26]: admin | SELECT * FROM baikt WHERE mamh ='COMP103' ORDER BY tenbkt | 0.00062012672424316 
[2021-05-10 00:29:58]: admin | SELECT * FROM monhoc WHERE trangthai = '1' ORDER BY tenmh | 0.001323938369751 
[2021-05-10 00:29:58]: admin | SELECT * FROM baikt WHERE mamh ='COMP103' ORDER BY tenbkt | 0.00087094306945801 
[2021-05-10 00:29:58]: admin | SELECT * FROM monhoc WHERE trangthai = '1' ORDER BY tenmh | 0.00063300132751465 
[2021-05-10 00:29:58]: admin | SELECT * FROM baikt WHERE mamh ='COMP103' ORDER BY tenbkt | 0.00066304206848145 
[2021-05-10 00:30:03]: admin | SELECT * FROM monhoc | 0.00088381767272949 
[2021-05-10 00:30:05]: admin | SELECT * FROM baikt INNER JOIN monhoc ON baikt.mamh = monhoc.mamh | 0.001046895980835 
[2021-05-10 00:30:05]: admin | SELECT * FROM monhoc WHERE trangthai = '1' ORDER BY tenmh | 0.00060892105102539 
[2021-05-10 00:30:05]: root | SELECT * FROM monhoc WHERE trangthai = '1' ORDER BY tenmh | 0.0013608932495117 
[2021-05-10 00:30:09]: admin | SELECT * FROM baikt INNER JOIN monhoc ON baikt.mamh = monhoc.mamh | 0.0010690689086914 
[2021-05-10 00:30:09]: admin | SELECT * FROM monhoc WHERE trangthai = '1' ORDER BY tenmh | 0.00057506561279297 
[2021-05-10 00:30:09]: admin | SELECT * FROM loptinchi WHERE mamh ='COMP103' ORDER BY maltc | 0.00061917304992676 
[2021-05-10 00:30:12]: admin | SELECT thongbao.*, monhoc.tenmh FROM thongbao INNER JOIN monhoc ON thongbao.mamh = monhoc.mamh | 0.00083804130554199 
[2021-05-10 00:30:12]: admin | SELECT * FROM monhoc WHERE trangthai = '1' ORDER BY tenmh | 0.00053501129150391 
[2021-05-10 00:30:18]: admin | SELECT * FROM monhoc WHERE trangthai = '1' ORDER BY tenmh | 0.00070881843566895 
[2021-05-10 00:30:18]: admin | SELECT * FROM baikt WHERE mamh ='COMP103' ORDER BY tenbkt | 0.00069403648376465 
[2021-05-10 00:30:18]: admin | SELECT * FROM monhoc WHERE trangthai = '1' ORDER BY tenmh | 0.00042486190795898 
[2021-05-10 00:30:18]: admin | SELECT * FROM baikt WHERE mamh ='COMP103' ORDER BY tenbkt | 0.00046896934509277 
[2021-05-10 00:30:31]: admin | SELECT * FROM monhoc WHERE trangthai = '1' ORDER BY tenmh | 0.00082182884216309 
[2021-05-10 00:30:31]: admin | SELECT * FROM baikt WHERE mamh ='COMP124' ORDER BY tenbkt | 0.00068402290344238 
[2021-05-10 00:30:31]: admin | SELECT * FROM monhoc WHERE trangthai = '1' ORDER BY tenmh | 0.00045490264892578 
[2021-05-10 00:30:31]: admin | SELECT * FROM baikt WHERE mamh ='COMP124' ORDER BY tenbkt | 0.00044703483581543 
[2021-05-10 00:30:34]: admin | SELECT * FROM monhoc WHERE trangthai = '1' ORDER BY tenmh | 0.00078606605529785 
[2021-05-10 00:30:34]: admin | SELECT * FROM baikt WHERE mamh ='COMP316' ORDER BY tenbkt | 0.00050902366638184 
[2021-05-10 00:30:34]: admin | SELECT * FROM monhoc WHERE trangthai = '1' ORDER BY tenmh | 0.0004429817199707 
[2021-05-10 00:30:34]: admin | SELECT * FROM baikt WHERE mamh ='COMP316' ORDER BY tenbkt | 0.00050592422485352 
[2021-05-10 00:31:32]: admin | SELECT * FROM monhoc WHERE trangthai = '1' ORDER BY tenmh | 0.0021271705627441 
[2021-05-10 00:31:32]: admin | SELECT * FROM baikt WHERE mamh ='COMP311' ORDER BY tenbkt | 0.00075197219848633 
[2021-05-10 00:31:32]: admin | SELECT * FROM monhoc WHERE trangthai = '1' ORDER BY tenmh | 0.00060796737670898 
[2021-05-10 00:31:32]: admin | SELECT * FROM baikt WHERE mamh ='COMP311' ORDER BY tenbkt | 0.00055789947509766 
[2021-05-10 00:31:35]: admin | SELECT * FROM monhoc WHERE trangthai = '1' ORDER BY tenmh | 0.00088095664978027 
[2021-05-10 00:31:35]: admin | SELECT * FROM baikt WHERE mamh ='COMP225' ORDER BY tenbkt | 0.0005028247833252 
[2021-05-10 00:31:35]: admin | SELECT * FROM monhoc WHERE trangthai = '1' ORDER BY tenmh | 0.00044894218444824 
[2021-05-10 00:31:35]: admin | SELECT * FROM baikt WHERE mamh ='COMP225' ORDER BY tenbkt | 0.00045204162597656 
[2021-05-10 00:31:36]: admin | SELECT * FROM baikt INNER JOIN monhoc ON baikt.mamh = monhoc.mamh | 0.0010800361633301 
[2021-05-10 00:31:36]: admin | SELECT * FROM monhoc WHERE trangthai = '1' ORDER BY tenmh | 0.00052809715270996 
[2021-05-10 00:31:36]: root | SELECT * FROM monhoc WHERE trangthai = '1' ORDER BY tenmh | 0.0010812282562256 
[2021-05-10 00:31:37]: admin | SELECT * FROM monhoc WHERE trangthai = '1' ORDER BY tenmh | 0.00072002410888672 
[2021-05-10 00:31:37]: admin | SELECT * FROM baikt WHERE mamh ='COMP225' ORDER BY tenbkt | 0.00047779083251953 
[2021-05-10 00:31:37]: admin | SELECT * FROM monhoc WHERE trangthai = '1' ORDER BY tenmh | 0.00040698051452637 
[2021-05-10 00:31:37]: admin | SELECT * FROM baikt WHERE mamh ='COMP225' ORDER BY tenbkt | 0.00043797492980957 
[2021-05-10 00:32:33]: admin | SELECT * FROM monhoc WHERE trangthai = '1' ORDER BY tenmh | 0.00082278251647949 
[2021-05-10 00:32:33]: admin | SELECT * FROM baikt WHERE mamh ='COMP103' ORDER BY tenbkt | 0.00050806999206543 
[2021-05-10 00:32:33]: admin | SELECT * FROM monhoc WHERE trangthai = '1' ORDER BY tenmh | 0.0003809928894043 
[2021-05-10 00:32:33]: admin | SELECT * FROM baikt WHERE mamh ='COMP103' ORDER BY tenbkt | 0.00040602684020996 
[2021-05-10 00:32:36]: admin | SELECT * FROM monhoc WHERE trangthai = '1' ORDER BY tenmh | 0.00078415870666504 
[2021-05-10 00:32:36]: admin | SELECT * FROM baikt WHERE mamh ='COMP311' ORDER BY tenbkt | 0.00044894218444824 
[2021-05-10 00:32:36]: admin | SELECT * FROM monhoc WHERE trangthai = '1' ORDER BY tenmh | 0.00040102005004883 
[2021-05-10 00:32:36]: admin | SELECT * FROM baikt WHERE mamh ='COMP311' ORDER BY tenbkt | 0.00046586990356445 
[2021-05-10 00:32:38]: admin | SELECT sinhvien.*,taikhoan.trangthai FROM sinhvien INNER JOIN taikhoan ON sinhvien.masv = taikhoan.username WHERE taikhoan.vaitro = 'student' | 0.0016500949859619 
[2021-05-10 00:32:38]: admin | SELECT * FROM baikt INNER JOIN monhoc ON baikt.mamh = monhoc.mamh | 0.00098586082458496 
[2021-05-10 00:32:38]: admin | SELECT * FROM monhoc WHERE trangthai = '1' ORDER BY tenmh | 0.00046586990356445 
[2021-05-10 00:32:38]: root | SELECT * FROM monhoc WHERE trangthai = '1' ORDER BY tenmh | 0.0008549690246582 
[2021-05-10 00:32:40]: admin | SELECT thongbao.*, monhoc.tenmh FROM thongbao INNER JOIN monhoc ON thongbao.mamh = monhoc.mamh | 0.00081801414489746 
[2021-05-10 00:32:40]: admin | SELECT * FROM monhoc WHERE trangthai = '1' ORDER BY tenmh | 0.00042414665222168 
[2021-05-10 00:32:43]: admin | SELECT sinhvien.*,taikhoan.trangthai FROM sinhvien INNER JOIN taikhoan ON sinhvien.masv = taikhoan.username WHERE taikhoan.vaitro = 'student' | 0.0013179779052734 
[2021-05-10 00:32:44]: admin | SELECT thongbao.*, monhoc.tenmh FROM thongbao INNER JOIN monhoc ON thongbao.mamh = monhoc.mamh | 0.0010101795196533 
[2021-05-10 00:32:44]: admin | SELECT * FROM monhoc WHERE trangthai = '1' ORDER BY tenmh | 0.00058913230895996 
[2021-05-10 00:32:45]: admin | SELECT * FROM monhoc | 0.00063490867614746 
[2021-05-10 00:32:45]: admin | SELECT * FROM baikt INNER JOIN monhoc ON baikt.mamh = monhoc.mamh | 0.00073504447937012 
[2021-05-10 00:32:45]: admin | SELECT * FROM monhoc WHERE trangthai = '1' ORDER BY tenmh | 0.00040602684020996 
[2021-05-10 00:32:45]: root | SELECT * FROM monhoc WHERE trangthai = '1' ORDER BY tenmh | 0.00095295906066895 
[2021-05-10 00:32:46]: admin | SELECT * FROM monhoc WHERE trangthai = '1' ORDER BY tenmh | 0.0005638599395752 
[2021-05-10 00:32:46]: admin | SELECT * FROM baikt WHERE mamh ='COMP311' ORDER BY tenbkt | 0.00038814544677734 
[2021-05-10 00:32:46]: admin | SELECT * FROM monhoc WHERE trangthai = '1' ORDER BY tenmh | 0.00031280517578125 
[2021-05-10 00:32:46]: admin | SELECT * FROM baikt WHERE mamh ='COMP311' ORDER BY tenbkt | 0.00031018257141113 
[2021-05-10 00:32:51]: admin | SELECT * FROM monhoc WHERE trangthai = '1' ORDER BY tenmh | 0.00072598457336426 
[2021-05-10 00:32:51]: admin | SELECT * FROM baikt WHERE mamh ='COMP103' ORDER BY tenbkt | 0.00050997734069824 
[2021-05-10 00:32:51]: admin | SELECT * FROM monhoc WHERE trangthai = '1' ORDER BY tenmh | 0.00044918060302734 
[2021-05-10 00:32:51]: admin | SELECT * FROM baikt WHERE mamh ='COMP103' ORDER BY tenbkt | 0.00048708915710449 
[2021-05-10 00:32:56]: admin | SELECT * FROM monhoc WHERE trangthai = '1' ORDER BY tenmh | 0.00069212913513184 
[2021-05-10 00:32:56]: admin | SELECT * FROM baikt WHERE mamh ='COMP103' ORDER BY tenbkt | 0.00052499771118164 
[2021-05-10 00:32:56]: admin | SELECT * FROM monhoc WHERE trangthai = '1' ORDER BY tenmh | 0.00048208236694336 
[2021-05-10 00:32:56]: admin | SELECT * FROM baikt WHERE mamh ='COMP103' ORDER BY tenbkt | 0.00048398971557617 
[2021-05-10 00:37:00]: admin | SELECT * FROM monhoc WHERE trangthai = '1' ORDER BY tenmh | 0.00088620185852051 
[2021-05-10 00:37:00]: admin | SELECT * FROM baikt WHERE mamh ='COMP311' ORDER BY tenbkt | 0.00050210952758789 
[2021-05-10 00:37:00]: admin | SELECT * FROM monhoc WHERE trangthai = '1' ORDER BY tenmh | 0.00041794776916504 
[2021-05-10 00:37:00]: admin | SELECT * FROM baikt WHERE mamh ='COMP311' ORDER BY tenbkt | 0.00041294097900391 
[2021-05-10 00:37:04]: admin | SELECT * FROM monhoc WHERE trangthai = '1' ORDER BY tenmh | 0.0007929801940918 
[2021-05-10 00:37:04]: admin | SELECT * FROM baikt WHERE mamh ='COMP124' ORDER BY tenbkt | 0.00057482719421387 
[2021-05-10 00:37:04]: admin | SELECT * FROM monhoc WHERE trangthai = '1' ORDER BY tenmh | 0.0004730224609375 
[2021-05-10 00:37:04]: admin | SELECT * FROM baikt WHERE mamh ='COMP124' ORDER BY tenbkt | 0.00049805641174316 
[2021-05-10 00:37:08]: admin | SELECT * FROM baikt INNER JOIN monhoc ON baikt.mamh = monhoc.mamh | 0.00089097023010254 
[2021-05-10 00:37:08]: admin | SELECT * FROM monhoc WHERE trangthai = '1' ORDER BY tenmh | 0.0004570484161377 
[2021-05-10 00:37:08]: root | SELECT * FROM monhoc WHERE trangthai = '1' ORDER BY tenmh | 0.0010390281677246 
[2021-05-10 00:37:09]: admin | SELECT * FROM monhoc WHERE trangthai = '1' ORDER BY tenmh | 0.00091385841369629 
[2021-05-10 00:37:09]: admin | SELECT * FROM baikt WHERE mamh ='COMP124' ORDER BY tenbkt | 0.00049114227294922 
[2021-05-10 00:37:09]: admin | SELECT * FROM monhoc WHERE trangthai = '1' ORDER BY tenmh | 0.0005180835723877 
[2021-05-10 00:37:09]: admin | SELECT * FROM baikt WHERE mamh ='COMP124' ORDER BY tenbkt | 0.00048685073852539 
[2021-05-10 00:37:20]: admin | SELECT * FROM monhoc WHERE trangthai = '1' ORDER BY tenmh | 0.0018959045410156 
[2021-05-10 00:37:20]: admin | SELECT * FROM baikt WHERE mamh ='COMP103' ORDER BY tenbkt | 0.00081205368041992 
[2021-05-10 00:37:20]: admin | SELECT * FROM monhoc WHERE trangthai = '1' ORDER BY tenmh | 0.00044393539428711 
[2021-05-10 00:37:20]: admin | SELECT * FROM baikt WHERE mamh ='COMP103' ORDER BY tenbkt | 0.00052499771118164 
[2021-05-10 00:37:24]: admin | SELECT * FROM monhoc WHERE trangthai = '1' ORDER BY tenmh | 0.00055098533630371 
[2021-05-10 00:37:24]: admin | SELECT * FROM baikt WHERE mamh ='COMP103' ORDER BY tenbkt | 0.00062394142150879 
[2021-05-10 00:37:24]: admin | SELECT * FROM monhoc WHERE trangthai = '1' ORDER BY tenmh | 0.00041294097900391 
[2021-05-10 00:37:24]: admin | SELECT * FROM baikt WHERE mamh ='COMP103' ORDER BY tenbkt | 0.00051093101501465 
[2021-05-10 00:37:27]: admin | SELECT * FROM monhoc WHERE trangthai = '1' ORDER BY tenmh | 0.00070381164550781 
[2021-05-10 00:37:27]: admin | SELECT * FROM baikt WHERE mamh ='COMP103' ORDER BY tenbkt | 0.00052285194396973 
[2021-05-10 00:37:27]: admin | SELECT * FROM monhoc WHERE trangthai = '1' ORDER BY tenmh | 0.00036406517028809 
[2021-05-10 00:37:27]: admin | SELECT * FROM baikt WHERE mamh ='COMP103' ORDER BY tenbkt | 0.00046610832214355 
[2021-05-10 00:37:29]: admin | SELECT * FROM monhoc WHERE trangthai = '1' ORDER BY tenmh | 0.00072813034057617 
[2021-05-10 00:37:29]: admin | SELECT * FROM baikt WHERE mamh ='COMP103' ORDER BY tenbkt | 0.00070905685424805 
[2021-05-10 00:37:29]: admin | SELECT * FROM monhoc WHERE trangthai = '1' ORDER BY tenmh | 0.00041580200195312 
[2021-05-10 00:37:29]: admin | SELECT * FROM baikt WHERE mamh ='COMP103' ORDER BY tenbkt | 0.0004730224609375 
[2021-05-10 00:37:31]: admin | SELECT * FROM monhoc WHERE trangthai = '1' ORDER BY tenmh | 0.00087189674377441 
[2021-05-10 00:37:31]: admin | SELECT * FROM baikt WHERE mamh ='COMP103' ORDER BY tenbkt | 0.00051999092102051 
[2021-05-10 00:37:31]: admin | SELECT * FROM monhoc WHERE trangthai = '1' ORDER BY tenmh | 0.00038504600524902 
[2021-05-10 00:37:31]: admin | SELECT * FROM baikt WHERE mamh ='COMP103' ORDER BY tenbkt | 0.00044608116149902 
[2021-05-10 00:37:32]: admin | SELECT * FROM monhoc WHERE trangthai = '1' ORDER BY tenmh | 0.00064897537231445 
[2021-05-10 00:37:32]: admin | SELECT * FROM baikt WHERE mamh ='COMP103' ORDER BY tenbkt | 0.00038719177246094 
[2021-05-10 00:37:32]: admin | SELECT * FROM monhoc WHERE trangthai = '1' ORDER BY tenmh | 0.00035786628723145 
[2021-05-10 00:37:32]: admin | SELECT * FROM baikt WHERE mamh ='COMP103' ORDER BY tenbkt | 0.00035285949707031 
[2021-05-10 00:38:03]: admin | SELECT * FROM monhoc WHERE trangthai = '1' ORDER BY tenmh | 0.00055599212646484 
[2021-05-10 00:38:03]: admin | SELECT * FROM baikt WHERE mamh ='COMP103' ORDER BY tenbkt | 0.00055718421936035 
[2021-05-10 00:38:03]: admin | SELECT * FROM monhoc WHERE trangthai = '1' ORDER BY tenmh | 0.00045204162597656 
[2021-05-10 00:38:03]: admin | SELECT * FROM baikt WHERE mamh ='COMP103' ORDER BY tenbkt | 0.00047802925109863 
[2021-05-10 00:38:07]: admin | SELECT * FROM monhoc WHERE trangthai = '1' ORDER BY tenmh | 0.00082993507385254 
[2021-05-10 00:38:07]: admin | SELECT * FROM baikt WHERE mamh ='COMP311' ORDER BY tenbkt | 0.00044798851013184 
[2021-05-10 00:38:07]: admin | SELECT * FROM monhoc WHERE trangthai = '1' ORDER BY tenmh | 0.00043487548828125 
[2021-05-10 00:38:07]: admin | SELECT * FROM baikt WHERE mamh ='COMP311' ORDER BY tenbkt | 0.00040411949157715 
[2021-05-10 00:38:10]: admin | SELECT * FROM monhoc WHERE trangthai = '1' ORDER BY tenmh | 0.0007169246673584 
[2021-05-10 00:38:10]: admin | SELECT * FROM baikt WHERE mamh ='COMP124' ORDER BY tenbkt | 0.00045084953308105 
[2021-05-10 00:38:10]: admin | SELECT * FROM monhoc WHERE trangthai = '1' ORDER BY tenmh | 0.00039815902709961 
[2021-05-10 00:38:10]: admin | SELECT * FROM baikt WHERE mamh ='COMP124' ORDER BY tenbkt | 0.00037407875061035 
[2021-05-10 00:38:13]: admin | SELECT sinhvien.*,taikhoan.trangthai FROM sinhvien INNER JOIN taikhoan ON sinhvien.masv = taikhoan.username WHERE taikhoan.vaitro = 'student' | 0.0015189647674561 
[2021-05-10 00:38:14]: admin | SELECT thongbao.*, monhoc.tenmh FROM thongbao INNER JOIN monhoc ON thongbao.mamh = monhoc.mamh | 0.00085997581481934 
[2021-05-10 00:38:14]: admin | SELECT * FROM monhoc WHERE trangthai = '1' ORDER BY tenmh | 0.00049018859863281 
[2021-05-10 00:38:16]: admin | SELECT sinhvien.*,taikhoan.trangthai FROM sinhvien INNER JOIN taikhoan ON sinhvien.masv = taikhoan.username WHERE taikhoan.vaitro = 'student' | 0.0012729167938232 
[2021-05-10 00:38:17]: admin | SELECT * FROM monhoc WHERE trangthai = '1' ORDER BY tenmh | 0.00076007843017578 
[2021-05-10 00:38:17]: admin | SELECT * FROM baikt WHERE mamh ='COMP124' ORDER BY tenbkt | 0.00050902366638184 
[2021-05-10 00:38:17]: admin | SELECT * FROM monhoc WHERE trangthai = '1' ORDER BY tenmh | 0.00045680999755859 
[2021-05-10 00:38:17]: admin | SELECT * FROM baikt WHERE mamh ='COMP124' ORDER BY tenbkt | 0.00039887428283691 
[2021-05-10 00:38:21]: admin | SELECT * FROM monhoc WHERE trangthai = '1' ORDER BY tenmh | 0.00052809715270996 
[2021-05-10 00:38:21]: admin | SELECT * FROM baikt WHERE mamh ='COMP103' ORDER BY tenbkt | 0.0003960132598877 
[2021-05-10 00:38:21]: admin | SELECT * FROM monhoc WHERE trangthai = '1' ORDER BY tenmh | 0.0003349781036377 
[2021-05-10 00:38:21]: admin | SELECT * FROM baikt WHERE mamh ='COMP103' ORDER BY tenbkt | 0.00034284591674805 
[2021-05-10 00:38:24]: admin | SELECT * FROM monhoc WHERE trangthai = '1' ORDER BY tenmh | 0.00070595741271973 
[2021-05-10 00:38:24]: admin | SELECT * FROM baikt WHERE mamh ='COMP225' ORDER BY tenbkt | 0.00063705444335938 
[2021-05-10 00:38:24]: admin | SELECT * FROM monhoc WHERE trangthai = '1' ORDER BY tenmh | 0.00033020973205566 
[2021-05-10 00:38:24]: admin | SELECT * FROM baikt WHERE mamh ='COMP225' ORDER BY tenbkt | 0.00034785270690918 
[2021-05-10 00:38:28]: admin | SELECT * FROM monhoc WHERE trangthai = '1' ORDER BY tenmh | 0.00060176849365234 
[2021-05-10 00:38:28]: admin | SELECT * FROM baikt WHERE mamh ='COMP124' ORDER BY tenbkt | 0.00032401084899902 
[2021-05-10 00:38:28]: admin | SELECT * FROM monhoc WHERE trangthai = '1' ORDER BY tenmh | 0.00027894973754883 
[2021-05-10 00:38:28]: admin | SELECT * FROM baikt WHERE mamh ='COMP124' ORDER BY tenbkt | 0.00026488304138184 
[2021-05-10 00:41:26]: admin | SELECT sinhvien.*,taikhoan.trangthai FROM sinhvien INNER JOIN taikhoan ON sinhvien.masv = taikhoan.username WHERE taikhoan.vaitro = 'student' | 0.0014572143554688 
[2021-05-10 00:41:27]: admin | SELECT thongbao.*, monhoc.tenmh FROM thongbao INNER JOIN monhoc ON thongbao.mamh = monhoc.mamh | 0.00071597099304199 
[2021-05-10 00:41:27]: admin | SELECT * FROM monhoc WHERE trangthai = '1' ORDER BY tenmh | 0.00035595893859863 
[2021-05-10 00:41:28]: admin | SELECT * FROM monhoc WHERE trangthai = '1' ORDER BY tenmh | 0.00058889389038086 
[2021-05-10 00:41:28]: admin | SELECT * FROM baikt WHERE mamh ='COMP124' ORDER BY tenbkt | 0.00046396255493164 
[2021-05-10 00:41:28]: admin | SELECT * FROM monhoc WHERE trangthai = '1' ORDER BY tenmh | 0.00035619735717773 
[2021-05-10 00:41:28]: admin | SELECT * FROM baikt WHERE mamh ='COMP124' ORDER BY tenbkt | 0.00042605400085449 
[2021-05-10 00:41:33]: admin | SELECT * FROM monhoc WHERE trangthai = '1' ORDER BY tenmh | 0.00062799453735352 
[2021-05-10 00:41:33]: admin | SELECT * FROM baikt WHERE mamh ='COMP103' ORDER BY tenbkt | 0.00042390823364258 
[2021-05-10 00:41:33]: admin | SELECT * FROM monhoc WHERE trangthai = '1' ORDER BY tenmh | 0.00037693977355957 
[2021-05-10 00:41:33]: admin | SELECT * FROM baikt WHERE mamh ='COMP103' ORDER BY tenbkt | 0.00039815902709961 
[2021-05-10 00:41:38]: admin | SELECT * FROM monhoc WHERE trangthai = '1' ORDER BY tenmh | 0.00064420700073242 
[2021-05-10 00:41:38]: admin | SELECT * FROM baikt WHERE mamh ='COMP103' ORDER BY tenbkt | 0.00044393539428711 
[2021-05-10 00:41:38]: admin | SELECT * FROM monhoc WHERE trangthai = '1' ORDER BY tenmh | 0.00032281875610352 
[2021-05-10 00:41:38]: admin | SELECT * FROM baikt WHERE mamh ='COMP103' ORDER BY tenbkt | 0.00049901008605957 
[2021-05-10 00:42:58]: admin | SELECT * FROM monhoc WHERE trangthai = '1' ORDER BY tenmh | 0.0010590553283691 
[2021-05-10 00:42:58]: admin | SELECT * FROM baikt WHERE mamh ='COMP103' ORDER BY tenbkt | 0.00087809562683105 
[2021-05-10 00:42:58]: admin | SELECT * FROM monhoc WHERE trangthai = '1' ORDER BY tenmh | 0.00046992301940918 
[2021-05-10 00:42:58]: admin | SELECT * FROM baikt WHERE mamh ='COMP103' ORDER BY tenbkt | 0.00069403648376465 
[2021-05-10 00:43:02]: admin | SELECT * FROM monhoc WHERE trangthai = '1' ORDER BY tenmh | 0.00073504447937012 
[2021-05-10 00:43:02]: admin | SELECT * FROM baikt WHERE mamh ='COMP103' ORDER BY tenbkt | 0.00056791305541992 
[2021-05-10 00:43:02]: admin | SELECT * FROM monhoc WHERE trangthai = '1' ORDER BY tenmh | 0.00044894218444824 
[2021-05-10 00:43:02]: admin | SELECT * FROM baikt WHERE mamh ='COMP103' ORDER BY tenbkt | 0.00054097175598145 
[2021-05-10 00:43:33]: admin | SELECT * FROM monhoc WHERE trangthai = '1' ORDER BY tenmh | 0.00054407119750977 
[2021-05-10 00:43:33]: admin | SELECT * FROM baikt WHERE mamh ='COMP124' ORDER BY tenbkt | 0.00040006637573242 
[2021-05-10 00:43:33]: admin | SELECT * FROM monhoc WHERE trangthai = '1' ORDER BY tenmh | 0.00031781196594238 
[2021-05-10 00:43:33]: admin | SELECT * FROM baikt WHERE mamh ='COMP124' ORDER BY tenbkt | 0.00034403800964355 
[2021-05-10 00:43:43]: admin | SELECT * FROM monhoc WHERE trangthai = '1' ORDER BY tenmh | 0.00061202049255371 
[2021-05-10 00:43:43]: admin | SELECT * FROM baikt WHERE mamh ='COMP316' ORDER BY tenbkt | 0.0004270076751709 
[2021-05-10 00:43:43]: admin | SELECT * FROM monhoc WHERE trangthai = '1' ORDER BY tenmh | 0.00034594535827637 
[2021-05-10 00:43:43]: admin | SELECT * FROM baikt WHERE mamh ='COMP316' ORDER BY tenbkt | 0.00036311149597168 
